2026-04-07T12:19:08 | INFO     | naija_clima_guard.trainer | NaijaClimaGuard Model Trainer — START
2026-04-07T12:19:08 | INFO     | naija_clima_guard.trainer | [DATA] Loaded 10035 rows, 20 columns from training_data.csv
2026-04-07T12:19:08 | INFO     | naija_clima_guard.trainer | [DATA] Class balance — positive: 279 (2.78%), negative: 9756
2026-04-07T12:19:08 | INFO     | naija_clima_guard.trainer | [SPLIT] Train: 8060 rows (2018-01-01 → 2022-05-31), flood days: 137
2026-04-07T12:19:08 | INFO     | naija_clima_guard.trainer | [SPLIT] Test : 1975 rows (2022-06-01 → 2023-06-30), flood days: 142
2026-04-07T12:19:08 | INFO     | naija_clima_guard.trainer | [WEIGHT] scale_pos_weight = 57.83 (neg/pos = 7923/137)
2026-04-07T12:19:08 | INFO     | naija_clima_guard.trainer | [CV] Starting 5-fold stratified cross-validation ...
2026-04-07T12:19:08 | INFO     | naija_clima_guard.trainer | [SMOTE] Before — positive: 110, negative: 6338
2026-04-07T12:19:10 | INFO     | naija_clima_guard.trainer | [SMOTE] After  — positive: 6338, negative: 6338, total: 12676
2026-04-07T12:19:10 | INFO     | naija_clima_guard.trainer | [MODEL] Training XGBoost — 12676 samples, 16 features
2026-04-07T12:19:11 | INFO     | naija_clima_guard.trainer | [MODEL] Training complete
2026-04-07T12:19:11 | INFO     | naija_clima_guard.trainer | [CV] Fold 1 — F1: 0.452 | Precision: 0.318 | Recall: 0.778 | ROC-AUC: 0.976
2026-04-07T12:19:11 | INFO     | naija_clima_guard.trainer | [SMOTE] Before — positive: 110, negative: 6338
2026-04-07T12:19:11 | INFO     | naija_clima_guard.trainer | [SMOTE] After  — positive: 6338, negative: 6338, total: 12676
2026-04-07T12:19:11 | INFO     | naija_clima_guard.trainer | [MODEL] Training XGBoost — 12676 samples, 16 features
2026-04-07T12:19:12 | INFO     | naija_clima_guard.trainer | [MODEL] Training complete
2026-04-07T12:19:13 | INFO     | naija_clima_guard.trainer | [CV] Fold 2 — F1: 0.457 | Precision: 0.308 | Recall: 0.889 | ROC-AUC: 0.983
2026-04-07T12:19:13 | INFO     | naija_clima_guard.trainer | [SMOTE] Before — positive: 110, negative: 6338
2026-04-07T12:19:13 | INFO     | naija_clima_guard.trainer | [SMOTE] After  — positive: 6338, negative: 6338, total: 12676
2026-04-07T12:19:13 | INFO     | naija_clima_guard.trainer | [MODEL] Training XGBoost — 12676 samples, 16 features
2026-04-07T12:19:14 | INFO     | naija_clima_guard.trainer | [MODEL] Training complete
2026-04-07T12:19:14 | INFO     | naija_clima_guard.trainer | [CV] Fold 3 — F1: 0.469 | Precision: 0.324 | Recall: 0.852 | ROC-AUC: 0.984
2026-04-07T12:19:14 | INFO     | naija_clima_guard.trainer | [SMOTE] Before — positive: 109, negative: 6339
2026-04-07T12:19:14 | INFO     | naija_clima_guard.trainer | [SMOTE] After  — positive: 6339, negative: 6339, total: 12678
2026-04-07T12:19:14 | INFO     | naija_clima_guard.trainer | [MODEL] Training XGBoost — 12678 samples, 16 features
2026-04-07T12:19:15 | INFO     | naija_clima_guard.trainer | [MODEL] Training complete
2026-04-07T12:19:15 | INFO     | naija_clima_guard.trainer | [CV] Fold 4 — F1: 0.491 | Precision: 0.333 | Recall: 0.929 | ROC-AUC: 0.983
2026-04-07T12:19:15 | INFO     | naija_clima_guard.trainer | [SMOTE] Before — positive: 109, negative: 6339
2026-04-07T12:19:15 | INFO     | naija_clima_guard.trainer | [SMOTE] After  — positive: 6339, negative: 6339, total: 12678
2026-04-07T12:19:15 | INFO     | naija_clima_guard.trainer | [MODEL] Training XGBoost — 12678 samples, 16 features
2026-04-07T12:19:16 | INFO     | naija_clima_guard.trainer | [MODEL] Training complete
2026-04-07T12:19:16 | INFO     | naija_clima_guard.trainer | [CV] Fold 5 — F1: 0.562 | Precision: 0.410 | Recall: 0.893 | ROC-AUC: 0.990
2026-04-07T12:19:16 | INFO     | naija_clima_guard.trainer | [CV] RESULTS (mean ± std across 5 folds):
2026-04-07T12:19:16 | INFO     | naija_clima_guard.trainer | [CV]   f1           0.486 ± 0.040
2026-04-07T12:19:16 | INFO     | naija_clima_guard.trainer | [CV]   precision    0.339 ± 0.037
2026-04-07T12:19:16 | INFO     | naija_clima_guard.trainer | [CV]   recall       0.868 ± 0.051
2026-04-07T12:19:16 | INFO     | naija_clima_guard.trainer | [CV]   roc_auc      0.983 ± 0.005
2026-04-07T12:19:16 | INFO     | naija_clima_guard.trainer | [SMOTE] Before — positive: 137, negative: 7923
2026-04-07T12:19:16 | INFO     | naija_clima_guard.trainer | [SMOTE] After  — positive: 7923, negative: 7923, total: 15846
2026-04-07T12:19:16 | INFO     | naija_clima_guard.trainer | [MODEL] Training XGBoost — 15846 samples, 16 features
2026-04-07T12:19:17 | INFO     | naija_clima_guard.trainer | [MODEL] Training complete
2026-04-07T12:19:17 | INFO     | naija_clima_guard.trainer | [EVAL] Running holdout evaluation on test set (1975 samples) ...
2026-04-07T12:19:17 | INFO     | naija_clima_guard.trainer | [EVAL] Classification Report:
              precision    recall  f1-score   support

    No Flood       0.98      0.99      0.99      1833
       Flood       0.91      0.73      0.81       142

    accuracy                           0.98      1975
   macro avg       0.95      0.86      0.90      1975
weighted avg       0.97      0.98      0.97      1975

2026-04-07T12:19:17 | INFO     | naija_clima_guard.trainer | [EVAL] Confusion Matrix:
[[1823   10]
 [  38  104]]
2026-04-07T12:19:17 | INFO     | naija_clima_guard.trainer | [EVAL] ROC-AUC: 0.9928
2026-04-07T12:19:18 | INFO     | naija_clima_guard.trainer | [EVAL] Confusion matrix saved: confusion_matrix.png
2026-04-07T12:19:18 | INFO     | naija_clima_guard.trainer | [SHAP] Computing SHAP values for 1975 test samples ...
2026-04-07T12:19:18 | INFO     | naija_clima_guard.trainer | [SHAP] Bar plot saved: shap_bar.png
2026-04-07T12:19:19 | INFO     | naija_clima_guard.trainer | [SHAP] Beeswarm plot saved: shap_beeswarm.png
2026-04-07T12:19:19 | INFO     | naija_clima_guard.trainer | [SAVE] Model saved: flood_model.pkl
